2025-05-01 23:59:45,689 - DALL - INFO - 开始DALL模型训练与评估
2025-05-01 23:59:45,689 - DALL - INFO - 设置随机种子: 42
2025-05-01 23:59:45,689 - DALL - INFO - Step 1: 数据处理
2025-05-01 23:59:58,250 - DALL - INFO - Step 2: 权重计算
2025-05-02 00:00:46,666 - DALL - INFO - 开始DALL模型训练与评估
2025-05-02 00:00:46,666 - DALL - INFO - 设置随机种子: 42
2025-05-02 00:00:46,666 - DALL - INFO - Step 1: 数据处理
2025-05-02 00:01:00,382 - DALL - INFO - Step 2: 权重计算
2025-05-02 00:01:01,880 - DALL - INFO - Step 3: 第一层模型训练
2025-05-02 00:02:23,303 - DALL - INFO - 开始DALL模型训练与评估
2025-05-02 00:02:23,303 - DALL - INFO - 设置随机种子: 42
2025-05-02 00:02:23,303 - DALL - INFO - Step 1: 数据处理
2025-05-02 00:02:36,865 - DALL - INFO - Step 2: 权重计算
2025-05-02 00:02:38,211 - DALL - INFO - Step 3: 第一层模型训练
2025-05-02 00:05:29,215 - DALL - INFO - 开始DALL模型训练与评估
2025-05-02 00:05:29,215 - DALL - INFO - 设置随机种子: 42
2025-05-02 00:05:29,215 - DALL - INFO - Step 1: 数据处理
2025-05-02 00:05:42,955 - DALL - INFO - Step 2: 权重计算
2025-05-02 00:05:44,299 - DALL - INFO - Step 3: 第一层模型训练
2025-05-02 00:06:33,954 - DALL - INFO - 开始DALL模型训练与评估
2025-05-02 00:06:33,954 - DALL - INFO - 设置随机种子: 42
2025-05-02 00:06:33,954 - DALL - INFO - Step 1: 数据处理
2025-05-02 00:06:47,877 - DALL - INFO - Step 2: 权重计算
2025-05-02 00:06:49,247 - DALL - INFO - Step 3: 第一层模型训练
2025-05-02 00:08:18,077 - DALL - INFO - 开始DALL模型训练与评估
2025-05-02 00:08:18,077 - DALL - INFO - 设置随机种子: 42
2025-05-02 00:08:18,077 - DALL - INFO - Step 1: 数据处理
2025-05-02 00:08:32,145 - DALL - INFO - Step 2: 权重计算
2025-05-02 00:08:33,480 - DALL - INFO - Step 3: 第一层模型训练
2025-05-02 00:29:48,361 - DALL - INFO - 开始DALL模型训练与评估
2025-05-02 00:29:48,361 - DALL - INFO - 设置随机种子: 42
2025-05-02 00:29:48,361 - DALL - INFO - Step 1: 数据处理
2025-05-02 00:30:02,240 - DALL - INFO - Step 2: 权重计算
2025-05-02 00:30:03,634 - DALL - INFO - Step 3: 第一层模型训练
2025-05-02 00:35:29,823 - DALL - INFO - 开始DALL模型训练与评估
2025-05-02 00:35:29,823 - DALL - INFO - 设置随机种子: 42
2025-05-02 00:35:29,823 - DALL - INFO - Step 1: 数据处理
2025-05-02 00:35:44,101 - DALL - INFO - Step 2: 权重计算
2025-05-02 00:35:45,423 - DALL - INFO - Step 3: 第一层模型训练
2025-05-02 00:36:44,934 - DALL - INFO - 开始DALL模型训练与评估
2025-05-02 00:36:44,935 - DALL - INFO - 设置随机种子: 42
2025-05-02 00:36:44,935 - DALL - INFO - Step 1: 数据处理
2025-05-02 00:36:59,225 - DALL - INFO - Step 2: 权重计算
2025-05-02 00:37:00,581 - DALL - INFO - Step 3: 第一层模型训练
2025-05-02 00:37:50,756 - DALL - INFO - 开始DALL模型训练与评估
2025-05-02 00:37:50,756 - DALL - INFO - 设置随机种子: 42
2025-05-02 00:37:50,757 - DALL - INFO - Step 1: 数据处理
2025-05-02 00:38:58,944 - DALL - INFO - 开始DALL模型训练与评估
2025-05-02 00:38:58,944 - DALL - INFO - 设置随机种子: 42
2025-05-02 00:38:58,944 - DALL - INFO - Step 1: 数据处理
2025-05-02 00:39:13,045 - DALL - INFO - Step 2: 权重计算
2025-05-02 00:39:14,384 - DALL - INFO - Step 3: 第一层模型训练
2025-05-02 01:03:06,843 - DALL - INFO - 开始DALL模型训练与评估
2025-05-02 01:03:06,843 - DALL - INFO - 设置随机种子: 42
2025-05-02 01:03:06,843 - DALL - INFO - Step 1: 数据处理
2025-05-02 01:03:20,120 - DALL - INFO - Step 2: 权重计算
2025-05-02 01:03:21,484 - DALL - INFO - Step 3: 第一层模型训练
2025-05-02 01:20:56,080 - DALL - INFO - 开始DALL模型训练与评估
2025-05-02 01:20:56,080 - DALL - INFO - 设置随机种子: 42
2025-05-02 01:20:56,080 - DALL - INFO - Step 1: 数据处理
2025-05-02 01:21:08,415 - DALL - INFO - Step 2: 权重计算
2025-05-02 01:21:09,726 - DALL - INFO - Step 3: 第一层模型训练
2025-05-02 01:42:54,973 - DALL - INFO - Step 4: 第二层模型训练
2025-05-02 01:42:57,424 - DALL - INFO - Step 5: 评估
2025-05-02 01:43:00,699 - DALL - INFO - 总分级评估指标:
2025-05-02 01:43:00,699 - DALL - INFO - mse: 231.8388
2025-05-02 01:43:00,699 - DALL - INFO - mae: 11.6118
2025-05-02 01:43:00,699 - DALL - INFO - r2: -0.0235
2025-05-02 01:43:00,699 - DALL - INFO - pearson_r: 0.0238
2025-05-02 01:43:00,699 - DALL - INFO - p_value: 0.4339
2025-05-02 01:43:00,699 - DALL - INFO - Step 6: SCMA分析
2025-05-02 01:43:59,677 - DALL - INFO - 开始DALL模型训练与评估
2025-05-02 01:43:59,677 - DALL - INFO - 设置随机种子: 42
2025-05-02 01:43:59,677 - DALL - INFO - Step 1: 数据处理
2025-05-02 01:44:11,904 - DALL - INFO - Step 2: 权重计算
2025-05-02 01:44:13,229 - DALL - INFO - Step 3: 第一层模型训练
2025-05-02 02:06:00,614 - DALL - INFO - Step 4: 第二层模型训练
2025-05-02 02:06:03,017 - DALL - INFO - Step 5: 评估
2025-05-02 02:06:05,974 - DALL - INFO - 总分级评估指标:
2025-05-02 02:06:05,974 - DALL - INFO - mse: 231.8388
2025-05-02 02:06:05,974 - DALL - INFO - mae: 11.6118
2025-05-02 02:06:05,974 - DALL - INFO - r2: -0.0235
2025-05-02 02:06:05,974 - DALL - INFO - pearson_r: 0.0238
2025-05-02 02:06:05,974 - DALL - INFO - p_value: 0.4339
2025-05-02 02:06:05,974 - DALL - INFO - Step 6: SCMA分析
2025-05-02 02:06:10,841 - DALL - INFO - 平均敏感度:
2025-05-02 02:06:10,846 - DALL - INFO -            S_total    S_base    S_corr
subscale                              
GAD       0.317041  0.135901  0.181141
ISI       -0.55941 -0.393902 -0.165509
PHQ       0.012225  0.174687 -0.162462
PSS       -0.40397  0.077037 -0.481007
2025-05-02 02:06:10,854 - DALL - INFO - Step 7: 保存所有模型和配置
2025-05-02 02:06:10,855 - DALL - INFO - DALL模型训练与评估完成，耗时: 1331.18 秒
2025-05-06 01:31:15,114 - DALL - INFO - 开始DALL模型训练与评估
2025-05-06 01:31:15,114 - DALL - INFO - 设置随机种子: 42
2025-05-06 01:31:15,114 - DALL - INFO - Step 1: 数据处理
2025-05-06 01:31:27,309 - DALL - INFO - Step 2: 权重计算
2025-05-06 01:31:28,696 - DALL - INFO - Step 3: 第一层模型训练
2025-05-06 01:51:07,954 - DALL - INFO - 开始DALL模型训练与评估
2025-05-06 01:51:07,954 - DALL - INFO - 设置随机种子: 42
2025-05-06 01:51:07,954 - DALL - INFO - Step 1: 数据处理
2025-05-06 01:51:20,089 - DALL - INFO - Step 2: 权重计算
2025-05-06 01:51:21,438 - DALL - INFO - Step 3: 第一层模型训练
2025-05-06 02:13:08,429 - DALL - INFO - Step 4: 第二层模型训练
2025-05-06 02:13:10,497 - DALL - INFO - Step 5: 评估
2025-05-06 02:13:13,613 - DALL - INFO - 总分级评估指标:
2025-05-06 02:13:13,613 - DALL - INFO - rmse: 15.2263
2025-05-06 02:13:13,613 - DALL - INFO - mae: 11.6118
2025-05-06 02:13:13,613 - DALL - INFO - r2: -0.0235
2025-05-06 02:13:13,613 - DALL - INFO - pearson_r: 0.0238
2025-05-06 02:13:13,613 - DALL - INFO - p_value: 0.4339
2025-05-06 02:13:13,614 - DALL - INFO - Step 6: SCMA分析
2025-05-06 02:13:18,615 - DALL - INFO - 平均敏感度:
2025-05-06 02:13:18,620 - DALL - INFO -            S_total    S_base    S_corr
subscale                              
GAD       0.317041  0.135901  0.181141
ISI       -0.55941 -0.393902 -0.165509
PHQ       0.012225  0.174687 -0.162462
PSS       -0.40397  0.077037 -0.481007
2025-05-06 02:13:18,628 - DALL - INFO - Step 7: 保存所有模型和配置
2025-05-06 02:13:18,629 - DALL - INFO - DALL模型训练与评估完成，耗时: 1330.68 秒
